T0> DEBUG > [InitializeKernel] Kernel logger initialized
T0> DEBUG > [InitializeKernel] Register integer size : 8
T0> DEBUG > [InitializeKernel] Console cursor : 0, 24
T0> DEBUG > [InitializeKernel] GDT base address read: 0000000000010000
T0> DEBUG > [InitializeKernel] LOW_MEMORY_PAGE_1 (0000000000001000) valid: 1
T0> DEBUG > [InitializeKernel] LOW_MEMORY_PAGE_2 (0000000000002000) valid: 1
T0> DEBUG > [InitializeKernel] LOW_MEMORY_PAGE_3 (0000000000003000) valid: 1
T0> DEBUG > [InitializeKernel] LOW_MEMORY_PAGE_5 (0000000000005000) valid: 1
T0> DEBUG > [InitializeKernel] LOW_MEMORY_PAGE_6 (0000000000006000) valid: 1
T0> DEBUG > [InitializeMemoryManager] Enter
T0> DEBUG > [InitializeMemoryManager] Temp pages reserved: FFFFFFFF80100000, FFFFFFFF80101000, FFFFFFFF80102000
T0> DEBUG > [InitializeMemoryManager] Kernel.PPB physical base: 0000000000325000
T0> DEBUG > [InitializeMemoryManager] Kernel.PPB size: 0x1000
T0> DEBUG > [MarkUsedPhysicalMemory] Enter
T0> DEBUG > [SetPhysicalPageRangeMark] Enter
T0> DEBUG > [SetPhysicalPageRangeMark] Start, End : 0x0, 0x326
T0> DEBUG > [MarkUsedPhysicalMemory] Entry base = 0000000000000000, size = 0x9fc00, type = 0x1
T0> DEBUG > [MarkUsedPhysicalMemory] Entry base = 000000000009FC00, size = 0x400, type = 0x2
T0> DEBUG > [SetPhysicalPageRangeMark] Enter
T0> DEBUG > [SetPhysicalPageRangeMark] Start, End : 0x9f, 0xa0
T0> DEBUG > [MarkUsedPhysicalMemory] Entry base = 00000000000F0000, size = 0x10000, type = 0x2
T0> DEBUG > [SetPhysicalPageRangeMark] Enter
T0> DEBUG > [SetPhysicalPageRangeMark] Start, End : 0xf0, 0x100
T0> DEBUG > [MarkUsedPhysicalMemory] Entry base = 0000000000100000, size = 0x7edf000, type = 0x1
T0> DEBUG > [MarkUsedPhysicalMemory] Entry base = 0000000007FDF000, size = 0x21000, type = 0x2
T0> DEBUG > [SetPhysicalPageRangeMark] Enter
T0> DEBUG > [MarkUsedPhysicalMemory] Entry base = 00000000B0000000, size = 0x10000000, type = 0x2
T0> DEBUG > [SetPhysicalPageRangeMark] Enter
T0> DEBUG > [MarkUsedPhysicalMemory] Entry base = 00000000FED1C000, size = 0x4000, type = 0x2
T0> DEBUG > [SetPhysicalPageRangeMark] Enter
T0> DEBUG > [MarkUsedPhysicalMemory] Entry base = 00000000FFFC0000, size = 0x40000, type = 0x2
T0> DEBUG > [SetPhysicalPageRangeMark] Enter
T0> DEBUG > [MarkUsedPhysicalMemory] Entry base = 000000FD00000000, size = 0x300000000, type = 0x2
T0> DEBUG > [SetPhysicalPageRangeMark] Enter
T0> DEBUG > [MarkUsedPhysicalMemory] Memory size = 134082560
T0> DEBUG > [AllocPageDirectory] Enter
T0> DEBUG > [SetupLowRegion] PDPT 0000000000400000, directory 0000000000401000
T0> DEBUG > [SetupLowRegion] PDPT[0] -> 0000000000401000
T0> DEBUG > [AllocateTableAndPopulate] Low directory[0] table ready at 0000000000402000
T0> DEBUG > [AllocateTableAndPopulate] Low directory[1] table ready at 0000000000403000
T0> DEBUG > [SetupKernelRegion] PDPT 0000000000404000, directory 0000000000405000
T0> DEBUG > [SetupKernelRegion] PDPT[510] -> 0000000000405000
T0> DEBUG > [AllocateTableAndPopulate] Kernel directory[0] table ready at 0000000000406000
T0> DEBUG > [AllocPageDirectory] TaskRunnerPhysical = 0000000000200000 + (FFFFFFFF80094000 - FFFFFFFF80000000) = 0000000000294000
T0> DEBUG > [SetupTaskRunnerRegion] PDPT 0000000000407000, directory 0000000000408000
T0> DEBUG > [SetupTaskRunnerRegion] PDPT[511] -> 0000000000408000
T0> DEBUG > [AllocateTableAndPopulate] TaskRunner directory[511] table ready at 0000000000409000
T0> DEBUG > [AllocPageDirectory] PML4 mapped at FFFFFFFF80100000
T0> DEBUG > [AllocPageDirectory] PML4 entries set (low=0000000000400203, kernel=0000000000404203, task=0000000000407207, recursive=000000000040A203)
T0> DEBUG > [AllocPageDirectory] Exit
T0> DEBUG > [InitializeMemoryManager] New page directory: 000000000040A000
T0> DEBUG > [LogPageDirectory64] PML4 PA=000000000040A000 contents:
T0> DEBUG > [LogPageDirectory64] PML4E[0]: VA=0000000000000000-0000007FFFFFFFFF -> PDPT_PA=0000000000400000 Present=1 RW=1 Priv=0 NX=0
T0> DEBUG > [LogPageDirectory64]   PDPTE[0]: VA=0000000000000000-000000003FFFFFFF -> PD_PA=0000000000401000 Present=1 RW=1 Priv=0 NX=0
T0> DEBUG > [LogPageDirectory64]     PDE[0]: VA=0000000000000000-00000000001FFFFF -> PT_PA=0000000000402000 Present=1 RW=1 Priv=0 Global=0 NX=0
T0> DEBUG > [LogPageDirectory64]       PTE[0]: VA=0000000000000000 -> PA=0000000000000000 Present=1 RW=1 Priv=0 Dirty=0 Global=0 NX=0
T0> DEBUG > [LogPageDirectory64]       PTE[1]: VA=0000000000001000 -> PA=0000000000001000 Present=1 RW=1 Priv=0 Dirty=0 Global=0 NX=0
T0> DEBUG > [LogPageDirectory64]       PTE[2]: VA=0000000000002000 -> PA=0000000000002000 Present=1 RW=1 Priv=0 Dirty=0 Global=0 NX=0
T0> DEBUG > [LogPageDirectory64]       ... (506 more mapped pages) ...
T0> DEBUG > [LogPageDirectory64]       PTE[509]: VA=00000000001FD000 -> PA=00000000001FD000 Present=1 RW=1 Priv=0 Dirty=0 Global=0 NX=0
T0> DEBUG > [LogPageDirectory64]       PTE[510]: VA=00000000001FE000 -> PA=00000000001FE000 Present=1 RW=1 Priv=0 Dirty=0 Global=0 NX=0
T0> DEBUG > [LogPageDirectory64]       PTE[511]: VA=00000000001FF000 -> PA=00000000001FF000 Present=1 RW=1 Priv=0 Dirty=1 Global=0 NX=0
T0> DEBUG > [LogPageDirectory64]       Total mapped pages in PT[0]: 512/512
T0> DEBUG > [LogPageDirectory64]     PDE[1]: VA=0000000000200000-00000000003FFFFF -> PT_PA=0000000000403000 Present=1 RW=1 Priv=0 Global=0 NX=0
T0> DEBUG > [LogPageDirectory64]       PTE[0]: VA=0000000000200000 -> PA=0000000000200000 Present=1 RW=1 Priv=0 Dirty=0 Global=0 NX=0
T0> DEBUG > [LogPageDirectory64]       PTE[1]: VA=0000000000201000 -> PA=0000000000201000 Present=1 RW=1 Priv=0 Dirty=0 Global=0 NX=0
T0> DEBUG > [LogPageDirectory64]       PTE[2]: VA=0000000000202000 -> PA=0000000000202000 Present=1 RW=1 Priv=0 Dirty=0 Global=0 NX=0
T0> DEBUG > [LogPageDirectory64]       ... (506 more mapped pages) ...
T0> DEBUG > [LogPageDirectory64]       PTE[509]: VA=00000000003FD000 -> PA=00000000003FD000 Present=1 RW=1 Priv=0 Dirty=0 Global=0 NX=0
T0> DEBUG > [LogPageDirectory64]       PTE[510]: VA=00000000003FE000 -> PA=00000000003FE000 Present=1 RW=1 Priv=0 Dirty=0 Global=0 NX=0
T0> DEBUG > [LogPageDirectory64]       PTE[511]: VA=00000000003FF000 -> PA=00000000003FF000 Present=1 RW=1 Priv=0 Dirty=0 Global=0 NX=0
T0> DEBUG > [LogPageDirectory64]       Total mapped pages in PT[1]: 512/512
T0> DEBUG > [LogPageDirectory64] PML4E[253]: VA=00007E8000000000-00007EFFFFFFFFFF -> PDPT_PA=0000000000407000 Present=1 RW=1 Priv=1 NX=0
T0> DEBUG > [LogPageDirectory64]   PDPTE[511]: VA=00007EFFC0000000-00007EFFFFFFFFFF -> PD_PA=0000000000408000 Present=1 RW=1 Priv=1 NX=0
T0> DEBUG > [LogPageDirectory64]     PDE[511]: VA=00007EFFFFE00000-00007EFFFFFFFFFF -> PT_PA=0000000000409000 Present=1 RW=1 Priv=1 Global=0 NX=0
T0> DEBUG > [LogPageDirectory64]       PTE[511]: VA=00007EFFFFFFF000 -> PA=0000000000294000 Present=1 RW=0 Priv=1 Dirty=0 Global=0 NX=0
T0> DEBUG > [LogPageDirectory64]       Total mapped pages in PT[511]: 1/512
T0> DEBUG > [LogPageDirectory64] PML4E[510]: VA=FFFFFF0000000000-FFFFFF7FFFFFFFFF -> PDPT_PA=000000000040A000 Present=1 RW=1 Priv=0 NX=0
T0> DEBUG > [LogPageDirectory64]   PDPTE[0]: VA=FFFFFF0000000000-FFFFFF003FFFFFFF -> PD_PA=0000000000400000 Present=1 RW=1 Priv=0 NX=0
T0> DEBUG > [LogPageDirectory64]     PDE[0]: VA=FFFFFF0000000000-FFFFFF00001FFFFF -> PT_PA=0000000000401000 Present=1 RW=1 Priv=0 Global=0 NX=0
T0> DEBUG > [LogPageDirectory64]       PTE[0]: VA=FFFFFF0000000000 -> PA=0000000000402000 Present=1 RW=1 Priv=0 Dirty=0 Global=0 NX=0
T0> DEBUG > [LogPageDirectory64]       PTE[1]: VA=FFFFFF0000001000 -> PA=0000000000403000 Present=1 RW=1 Priv=0 Dirty=0 Global=0 NX=0
T0> DEBUG > [LogPageDirectory64]       Total mapped pages in PT[0]: 2/512
T0> DEBUG > [LogPageDirectory64]   PDPTE[253]: VA=FFFFFF3F40000000-FFFFFF3F7FFFFFFF -> PD_PA=0000000000407000 Present=1 RW=1 Priv=1 NX=0
T0> DEBUG > [LogPageDirectory64]     PDE[511]: VA=FFFFFF3F7FE00000-FFFFFF3F7FFFFFFF -> PT_PA=0000000000408000 Present=1 RW=1 Priv=1 Global=0 NX=0
T0> DEBUG > [LogPageDirectory64]       PTE[511]: VA=FFFFFF3F7FFFF000 -> PA=0000000000409000 Present=1 RW=1 Priv=1 Dirty=0 Global=0 NX=0
T0> DEBUG > [LogPageDirectory64]       Total mapped pages in PT[511]: 1/512
T0> DEBUG > [LogPageDirectory64]   PDPTE[510]: VA=FFFFFF7F80000000-FFFFFF7FBFFFFFFF -> PD_PA=000000000040A000 Present=1 RW=1 Priv=0 NX=0
T0> DEBUG > [LogPageDirectory64]     PDE[0]: VA=FFFFFF7F80000000-FFFFFF7F801FFFFF -> PT_PA=0000000000400000 Present=1 RW=1 Priv=0 Global=0 NX=0
T0> DEBUG > [LogPageDirectory64]       PTE[0]: VA=FFFFFF7F80000000 -> PA=0000000000401000 Present=1 RW=1 Priv=0 Dirty=0 Global=0 NX=0
T0> DEBUG > [LogPageDirectory64]       Total mapped pages in PT[0]: 1/512
T0> DEBUG > [LogPageDirectory64]     PDE[253]: VA=FFFFFF7F9FA00000-FFFFFF7F9FBFFFFF -> PT_PA=0000000000407000 Present=1 RW=1 Priv=1 Global=0 NX=0
T0> DEBUG > [LogPageDirectory64]       PTE[511]: VA=FFFFFF7F9FBFF000 -> PA=0000000000408000 Present=1 RW=1 Priv=1 Dirty=0 Global=0 NX=0
T0> DEBUG > [LogPageDirectory64]       Total mapped pages in PT[253]: 1/512
T0> DEBUG > [LogPageDirectory64]     PDE[510]: VA=FFFFFF7FBFC00000-FFFFFF7FBFDFFFFF -> PT_PA=000000000040A000 Present=1 RW=1 Priv=0 Global=0 NX=0
T0> DEBUG > [LogPageDirectory64]       PTE[0]: VA=FFFFFF7FBFC00000 -> PA=0000000000400000 Present=1 RW=1 Priv=0 Dirty=0 Global=0 NX=0
T0> DEBUG > [LogPageDirectory64]       PTE[253]: VA=FFFFFF7FBFCFD000 -> PA=0000000000407000 Present=1 RW=1 Priv=1 Dirty=0 Global=0 NX=0
T0> DEBUG > [LogPageDirectory64]       PTE[510]: VA=FFFFFF7FBFDFE000 -> PA=000000000040A000 Present=1 RW=1 Priv=0 Dirty=0 Global=0 NX=0
T0> DEBUG > [LogPageDirectory64]       ... (506 more mapped pages) ...
T0> DEBUG > [LogPageDirectory64]       Total mapped pages in PT[510]: 4/512
T0> DEBUG > [LogPageDirectory64]     PDE[511]: VA=FFFFFF7FBFE00000-FFFFFF7FBFFFFFFF -> PT_PA=0000000000404000 Present=1 RW=1 Priv=0 Global=0 NX=0
T0> DEBUG > [LogPageDirectory64]       PTE[510]: VA=FFFFFF7FBFFFE000 -> PA=0000000000405000 Present=1 RW=1 Priv=0 Dirty=0 Global=0 NX=0
T0> DEBUG > [LogPageDirectory64]       Total mapped pages in PT[511]: 1/512
T0> DEBUG > [LogPageDirectory64]   PDPTE[511]: VA=FFFFFF7FC0000000-FFFFFF7FFFFFFFFF -> PD_PA=0000000000404000 Present=1 RW=1 Priv=0 NX=0
T0> DEBUG > [LogPageDirectory64]     PDE[510]: VA=FFFFFF7FFFC00000-FFFFFF7FFFDFFFFF -> PT_PA=0000000000405000 Present=1 RW=1 Priv=0 Global=0 NX=0
T0> DEBUG > [LogPageDirectory64]       PTE[0]: VA=FFFFFF7FFFC00000 -> PA=0000000000406000 Present=1 RW=1 Priv=0 Dirty=1 Global=0 NX=0
T0> DEBUG > [LogPageDirectory64]       Total mapped pages in PT[510]: 1/512
T0> DEBUG > [LogPageDirectory64] PML4E[511]: VA=FFFFFF8000000000-FFFFFFFFFFFFFFFF -> PDPT_PA=0000000000404000 Present=1 RW=1 Priv=0 NX=0
T0> DEBUG > [LogPageDirectory64]   PDPTE[510]: VA=FFFFFFFF80000000-FFFFFFFFBFFFFFFF -> PD_PA=0000000000405000 Present=1 RW=1 Priv=0 NX=0
T0> DEBUG > [LogPageDirectory64]     PDE[0]: VA=FFFFFFFF80000000-FFFFFFFF801FFFFF -> PT_PA=0000000000406000 Present=1 RW=1 Priv=0 Global=0 NX=0
T0> DEBUG > [LogPageDirectory64]       PTE[0]: VA=FFFFFFFF80000000 -> PA=0000000000200000 Present=1 RW=1 Priv=0 Dirty=0 Global=0 NX=0
T0> DEBUG > [LogPageDirectory64]       PTE[1]: VA=FFFFFFFF80001000 -> PA=0000000000201000 Present=1 RW=1 Priv=0 Dirty=0 Global=0 NX=0
T0> DEBUG > [LogPageDirectory64]       PTE[2]: VA=FFFFFFFF80002000 -> PA=0000000000202000 Present=1 RW=1 Priv=0 Dirty=0 Global=0 NX=0
T0> DEBUG > [LogPageDirectory64]       ... (506 more mapped pages) ...
T0> DEBUG > [LogPageDirectory64]       PTE[509]: VA=FFFFFFFF801FD000 -> PA=00000000003FD000 Present=1 RW=1 Priv=0 Dirty=0 Global=0 NX=0
T0> DEBUG > [LogPageDirectory64]       PTE[510]: VA=FFFFFFFF801FE000 -> PA=00000000003FE000 Present=1 RW=1 Priv=0 Dirty=0 Global=0 NX=0
T0> DEBUG > [LogPageDirectory64]       PTE[511]: VA=FFFFFFFF801FF000 -> PA=00000000003FF000 Present=1 RW=1 Priv=0 Dirty=0 Global=0 NX=0
T0> DEBUG > [LogPageDirectory64]       Total mapped pages in PT[0]: 512/512
T0> DEBUG > [LogPageDirectory64] End of page directory
T0> DEBUG > [InitializeMemoryManager] TLB flushed
T0> DEBUG > [AllocRegion] Enter: Base=0xffffffff80000000 Target=0x0 Size=0x2000 Flags=0x23
T0> DEBUG > [AllocRegion] Calling FindFreeRegion with base = 0xffffffff80000000 and size = 0x2000
T0> DEBUG > [AllocRegion] FindFreeRegion found with base = 0xffffffff80200000 and size = 0x2000
T0> DEBUG > [AllocRegion] Allocating pages
T0> DEBUG > [AllocRegion] Exit
T0> DEBUG > [InitializeGlobalDescriptorTable] Enter
T0> DEBUG > [InitializeGlobalDescriptorTable] Exit
T0> DEBUG > [InitializeMemoryManager] Loading GDT
T0> DEBUG > [InitializeMemoryManager] GDT[0]=00AF9A000000FFFF 0000000000000000
T0> DEBUG > [InitializeMemoryManager] GDT[1]=00AFFA000000FFFF 00CF93000000FFFF
T0> DEBUG > [InitializeMemoryManager] GDT[2]=000F9A000000FFFF 00CFF2000000FFFF
T0> DEBUG > [InitializeMemoryManager] GDT[3]=0000000000000000 000F92000000FFFF
T0> DEBUG > [InitializeMemoryManager] GDT[4]=0000000000000000 0000000000000000
T0> DEBUG > [InitializeMemoryManager] GDT[5]=0000000000000000 0000000000000000
T0> DEBUG > [InitializeMemoryManager] GDT[6]=0000000000000000 0000000000000000
T0> DEBUG > [InitializeMemoryManager] GDT[7]=0000000000000000 0000000000000000
T0> DEBUG > [InitializeMemoryManager] GDT[8]=0000000000000000 0000000000000000
T0> DEBUG > [InitializeMemoryManager] GDT[9]=0000000000000000 0000000000000000
T0> DEBUG > [InitializeMemoryManager] Exit
T0> DEBUG > [KernelMain] Memory manager initialized
T0> DEBUG > [InitializeTaskSegments] Enter
T0> DEBUG > [AllocRegion] Enter: Base=0xffffffff80000000 Target=0x0 Size=0x68 Flags=0x23
T0> DEBUG > [AllocRegion] Calling FindFreeRegion with base = 0xffffffff80000000 and size = 0x68
T0> DEBUG > [AllocRegion] FindFreeRegion found with base = 0xffffffff80202000 and size = 0x68
T0> DEBUG > [AllocRegion] Allocating pages
T0> DEBUG > [AllocRegion] Exit
T0> DEBUG > [InitializeTaskSegments] TSS = FFFFFFFF80202000
T0> DEBUG > [InitializeTaskSegments] Loading task register
T0> DEBUG > [InitializeTaskSegments] Exit
T0> DEBUG > [KernelMain] Task segments initialized
T0> DEBUG > [InitializeKernel] Interrupts initialized
T0> DEBUG > [InitializeACPI] Enter
T0> DEBUG > [FindRSDP] Enter
T0> DEBUG > [FindRSDP] Searching EBDA at 000000000009FC00
T0> DEBUG > [SearchRSDPInRange] Searching range 000000000009FC00 - 00000000000A0000
T0> DEBUG > [FindRSDP] Searching BIOS ROM area
T0> DEBUG > [SearchRSDPInRange] Searching range 00000000000E0000 - 0000000000100000
T0> DEBUG > [SearchRSDPInRange] Found potential RSDP at 00000000000F52D0
T0> DEBUG > [MapIOMemory] Original: PA=0xf52d0 Size=0x14
T0> DEBUG > [MapIOMemory] Aligned: PA=0xf5000 Size=0x1000 Offset=0x2d0
T0> DEBUG > [AllocRegion] Enter: Base=0xffffffff80000000 Target=0xf5000 Size=0x1000 Flags=0x37
T0> DEBUG > [AllocRegion] Calling FindFreeRegion with base = 0xffffffff80000000 and size = 0x1000
T0> DEBUG > [AllocRegion] FindFreeRegion found with base = 0xffffffff80203000 and size = 0x1000
T0> DEBUG > [AllocRegion] Allocating pages
T0> DEBUG > [AllocRegion] Exit
T0> DEBUG > [MapIOMemory] Mapped at aligned=0xffffffff80203000, returning=0xffffffff802032d0
T0> DEBUG > [FindRSDP] RSDP mapped at FFFFFFFF802032D0, revision 0
T0> DEBUG > [InitializeACPI] RSDT physical address: 0000000007FE2397
T0> DEBUG > [MapIOMemory] Original: PA=0x7fe2397 Size=0x38
T0> DEBUG > [MapIOMemory] Aligned: PA=0x7fe2000 Size=0x1000 Offset=0x397
T0> DEBUG > [AllocRegion] Enter: Base=0xffffffff80000000 Target=0x7fe2000 Size=0x1000 Flags=0x37
T0> DEBUG > [AllocRegion] Calling FindFreeRegion with base = 0xffffffff80000000 and size = 0x1000
T0> DEBUG > [AllocRegion] FindFreeRegion found with base = 0xffffffff80204000 and size = 0x1000
T0> DEBUG > [AllocRegion] Allocating pages
T0> DEBUG > [AllocRegion] Exit
T0> DEBUG > [MapIOMemory] Mapped at aligned=0xffffffff80204000, returning=0xffffffff80204397
T0> DEBUG > [InitializeACPI] RSDT mapped to virtual address: FFFFFFFF80204397
T0> DEBUG > [ValidateACPITableChecksum] Table RSDT, length 56, checksum valid
T0> DEBUG > [InitializeACPI] RSDT found and validated at FFFFFFFF80204397
T0> DEBUG > [ParseMADT] Enter
T0> DEBUG > [FindACPITable] Looking for table APIC
T0> DEBUG > [FindACPITable] Searching RSDT with 5 entries
T0> DEBUG > [MapIOMemory] Original: PA=0x7fe2283 Size=0x78
T0> DEBUG > [MapIOMemory] Aligned: PA=0x7fe2000 Size=0x1000 Offset=0x283
T0> DEBUG > [AllocRegion] Enter: Base=0xffffffff80000000 Target=0x7fe2000 Size=0x1000 Flags=0x37
T0> DEBUG > [AllocRegion] Calling FindFreeRegion with base = 0xffffffff80000000 and size = 0x1000
T0> DEBUG > [AllocRegion] FindFreeRegion found with base = 0xffffffff80205000 and size = 0x1000
T0> DEBUG > [AllocRegion] Allocating pages
T0> DEBUG > [AllocRegion] Exit
T0> DEBUG > [MapIOMemory] Mapped at aligned=0xffffffff80205000, returning=0xffffffff80205283
T0> DEBUG > [ValidateACPITableChecksum] Table APIC, length 120, checksum valid
T0> DEBUG > [FindACPITable] Found table APIC at physical 0000000007FE2283, virtual FFFFFFFF80205283
T0> DEBUG > [ParseMADT] MADT found, Local APIC address: 0x0xFEE00000, Flags: 0x0x00000001
T0> DEBUG > [ParseMADT] Local APIC: ProcessorId=0, ApicId=0, Flags=0x0x00000001
T0> DEBUG > [ParseMADT] I/O APIC: Id=0, Address=0x0xFEC00000, GSI Base=0
T0> DEBUG > [ParseMADT] Interrupt Override: Bus=0, Source=0, GSI=2, Flags=0x0x0000
T0> DEBUG > [ParseMADT] Interrupt Override: Bus=0, Source=5, GSI=5, Flags=0x0x000D
T0> DEBUG > [ParseMADT] Interrupt Override: Bus=0, Source=9, GSI=9, Flags=0x0x000D
T0> DEBUG > [ParseMADT] Interrupt Override: Bus=0, Source=10, GSI=10, Flags=0x0x000D
T0> DEBUG > [ParseMADT] Interrupt Override: Bus=0, Source=11, GSI=11, Flags=0x0x000D
T0> DEBUG > [ParseMADT] Local APIC NMI: ProcessorId=255, Flags=0x0x0000, LINT=1
T0> DEBUG > [ParseMADT] Parsed successfully: 1 Local APICs, 1 I/O APICs, 5 overrides
T0> DEBUG > [InitializeACPI] ACPI initialization completed successfully
T0> DEBUG > [InitializeKernel] ACPI initialized successfully
T0> DEBUG > [LocalAPIC] Initializing Local APIC...
T0> DEBUG > [LocalAPIC] Using ACPI-provided Local APIC address: 0x0xFEE00000
T0> DEBUG > [MapIOMemory] Original: PA=0xfee00000 Size=0x1000
T0> DEBUG > [MapIOMemory] Aligned: PA=0xfee00000 Size=0x1000 Offset=0x0
T0> DEBUG > [AllocRegion] Enter: Base=0xffffffff80000000 Target=0xfee00000 Size=0x1000 Flags=0x37
T0> DEBUG > [AllocRegion] Calling FindFreeRegion with base = 0xffffffff80000000 and size = 0x1000
T0> DEBUG > [AllocRegion] FindFreeRegion found with base = 0xffffffff80206000 and size = 0x1000
T0> DEBUG > [AllocRegion] Allocating pages
T0> DEBUG > [AllocRegion] Exit
T0> DEBUG > [MapIOMemory] Mapped at aligned=0xffffffff80206000, returning=0xffffffff80206000
T0> DEBUG > [LocalAPIC] Local APIC mapped but not enabled (avoiding PIC conflict)
T0> DEBUG > [LocalAPIC] Local APIC initialized: ID=0, Version=0x0x14, MaxLVT=6
T0> DEBUG > [InitializeKernel] Local APIC initialized successfully
T0> DEBUG > [InitializeIOAPIC] Initializing I/O APIC subsystem...
T0> DEBUG > [InitializeIOAPIC] Found 1 I/O APIC controller(s) in ACPI
T0> DEBUG > [InitializeIOAPIC] Initializing controller 0: ID=0, Address=00000000FEC00000, GSI Base=0
T0> DEBUG > [MapIOMemory] Original: PA=0xfec00000 Size=0x1000
T0> DEBUG > [MapIOMemory] Aligned: PA=0xfec00000 Size=0x1000 Offset=0x0
T0> DEBUG > [AllocRegion] Enter: Base=0xffffffff80000000 Target=0xfec00000 Size=0x1000 Flags=0x37
T0> DEBUG > [AllocRegion] Calling FindFreeRegion with base = 0xffffffff80000000 and size = 0x1000
T0> DEBUG > [AllocRegion] FindFreeRegion found with base = 0xffffffff80207000 and size = 0x1000
T0> DEBUG > [AllocRegion] Allocating pages
T0> DEBUG > [AllocRegion] Exit
T0> DEBUG > [MapIOMemory] Mapped at aligned=0xffffffff80207000, returning=0xffffffff80207000
T0> DEBUG > [InitializeIOAPIC] Controller 0 mapped to virtual address FFFFFFFF80207000
T0> DEBUG > [InitializeIOAPIC] Testing basic MMIO access to controller 0
T0> DEBUG > [InitializeIOAPIC] Direct MMIO read at FFFFFFFF80207000 = 0x00000000
T0> DEBUG > [InitializeIOAPIC] About to read ID register for controller 0
T0> DEBUG > [InitializeIOAPIC] Controller 0 - ID register=0x0
T0> DEBUG > [InitializeIOAPIC] About to read version register for controller 0
T0> DEBUG > [InitializeIOAPIC] Controller 0 - Version register read returned 0x170020
T0> DEBUG > [InitializeIOAPIC] Controller 0 - Raw version register=0x170020
T0> DEBUG > [InitializeIOAPIC] Controller 0 - Version=0x20, Max Redirection Entry=23
T0> DEBUG > [InitializeIOAPIC] Successfully initialized 1 controller(s), 24 total interrupts
T0> DEBUG > [ConfigureIOAPICInterrupt] IRQ 0 overridden to GSI 2
T0> DEBUG > [ConfigureIOAPICInterrupt] Configuring IRQ 0 -> Vector 0x20 (Controller 0, Entry 2)
T0> DEBUG > [ConfigureIOAPICInterrupt] Configuring IRQ 1 -> Vector 0x21 (Controller 0, Entry 1)
T0> DEBUG > [ConfigureIOAPICInterrupt] Configuring IRQ 3 -> Vector 0x23 (Controller 0, Entry 3)
T0> DEBUG > [ConfigureIOAPICInterrupt] Configuring IRQ 4 -> Vector 0x24 (Controller 0, Entry 4)
T0> DEBUG > [ConfigureIOAPICInterrupt] Configuring IRQ 7 -> Vector 0x27 (Controller 0, Entry 7)
T0> DEBUG > [ConfigureIOAPICInterrupt] Configuring IRQ 8 -> Vector 0x28 (Controller 0, Entry 8)
T0> DEBUG > [ConfigureIOAPICInterrupt] Configuring IRQ 12 -> Vector 0x2c (Controller 0, Entry 12)
T0> DEBUG > [ConfigureIOAPICInterrupt] Configuring IRQ 14 -> Vector 0x2e (Controller 0, Entry 14)
T0> DEBUG > [ConfigureIOAPICInterrupt] Configuring IRQ 15 -> Vector 0x2f (Controller 0, Entry 15)
T0> DEBUG > [InitializeKernel] I/O APIC initialized successfully
T0> DEBUG > [DetectInterruptControllers] Detected I/O APIC with 1 controllers
T0> DEBUG > [DetectInterruptControllers] PIC=YES, IOAPIC=YES
T0> DEBUG > [InitializeInterruptController] Auto mode - IOAPICPresent=YES
T0> DEBUG > [InitializeInterruptController] Attempting transition to I/O APIC mode
T0> DEBUG > [SetupIRQMappings] Processing 5 interrupt source overrides from ACPI
T0> DEBUG > [HandleInterruptSourceOverride] IRQ override: Legacy IRQ 0 -> Global IRQ 2, Trigger=0, Polarity=0
T0> DEBUG > [HandleInterruptSourceOverride] IRQ override: Legacy IRQ 5 -> Global IRQ 5, Trigger=1, Polarity=0
T0> DEBUG > [HandleInterruptSourceOverride] IRQ override: Legacy IRQ 9 -> Global IRQ 9, Trigger=1, Polarity=0
T0> DEBUG > [HandleInterruptSourceOverride] IRQ override: Legacy IRQ 10 -> Global IRQ 10, Trigger=1, Polarity=0
T0> DEBUG > [HandleInterruptSourceOverride] IRQ override: Legacy IRQ 11 -> Global IRQ 11, Trigger=1, Polarity=0
T0> DEBUG > [TransitionToIOAPICMode] Testing I/O APIC functionality before transition
T0> DEBUG > [TestIOAPICFunctionality] Starting I/O APIC functionality test
T0> DEBUG > [TestIOAPICFunctionality] Testing controller 0 at mapped address 0xFFFFFFFF80207000
T0> DEBUG > [TestIOAPICFunctionality] Controller 0: Version register = 0x00170020
T0> DEBUG > [TestIOAPICFunctionality] Controller 0: Max redirection entries = 23
T0> DEBUG > [TestIOAPICFunctionality] Controller 0: ID register = 0x00000000
T0> DEBUG > [TestIOAPICFunctionality] Controller 0: Functional and ready
T0> DEBUG > [TestIOAPICFunctionality] At least one I/O APIC controller is functional
T0> DEBUG > [ShutdownPIC8259] Shutting down PIC 8259
T0> DEBUG > [DisablePIC8259] PIC 8259 controllers disabled
T0> DEBUG > [ShutdownPIC8259] PIC 8259 shutdown complete
T0> DEBUG > [ConfigureIOAPICInterrupt] IRQ 0 overridden to GSI 2
T0> DEBUG > [ConfigureIOAPICInterrupt] Configuring IRQ 0 -> Vector 0x20 (Controller 0, Entry 2)
T0> DEBUG > [ConfigureIOAPICInterrupt] Configuring IRQ 1 -> Vector 0x21 (Controller 0, Entry 1)
T0> DEBUG > [ConfigureIOAPICInterrupt] Configuring IRQ 3 -> Vector 0x23 (Controller 0, Entry 3)
T0> DEBUG > [ConfigureIOAPICInterrupt] Configuring IRQ 4 -> Vector 0x24 (Controller 0, Entry 4)
T0> DEBUG > [ConfigureIOAPICInterrupt] Configuring IRQ 7 -> Vector 0x27 (Controller 0, Entry 7)
T0> DEBUG > [ConfigureIOAPICInterrupt] Configuring IRQ 8 -> Vector 0x28 (Controller 0, Entry 8)
T0> DEBUG > [ConfigureIOAPICInterrupt] Configuring IRQ 12 -> Vector 0x2c (Controller 0, Entry 12)
T0> DEBUG > [ConfigureIOAPICInterrupt] Configuring IRQ 14 -> Vector 0x2e (Controller 0, Entry 14)
T0> DEBUG > [ConfigureIOAPICInterrupt] Configuring IRQ 15 -> Vector 0x2f (Controller 0, Entry 15)
T0> DEBUG > [TransitionToIOAPICMode] Successfully transitioned to I/O APIC mode
T0> DEBUG > [InitializeInterruptController] Automatically selected I/O APIC mode
T0> DEBUG > [InitializeInterruptController] Interrupt controller initialized: Type=IOAPIC
T0> DEBUG > [InitializeKernel] Interrupt Controller initialized successfully
T0> DEBUG >   Multiboot entry count = 9
T0> DEBUG > Multiboot entry 0 : 0000000000000000, 654336, 1
T0> DEBUG > Multiboot entry 1 : 000000000009FC00, 1024, 2
T0> DEBUG > Multiboot entry 2 : 00000000000F0000, 65536, 2
T0> DEBUG > Multiboot entry 3 : 0000000000100000, 133033984, 1
T0> DEBUG > Multiboot entry 4 : 0000000007FDF000, 135168, 2
T0> DEBUG > Multiboot entry 5 : 00000000B0000000, 268435456, 2
T0> DEBUG > Multiboot entry 6 : 00000000FED1C000, 16384, 2
T0> DEBUG > Multiboot entry 7 : 00000000FFFC0000, 262144, 2
T0> DEBUG > Multiboot entry 8 : 0000000000000000, 0, 2
T0> DEBUG > Virtual addresses
T0> DEBUG >   VMA_RAM = 0000000000000000
T0> DEBUG >   VMA_VIDEO = 00000000000A0000
T0> DEBUG >   VMA_CONSOLE = 00000000000B8000
T0> DEBUG >   VMA_USER = 0000000000400000
T0> DEBUG >   VMA_LIBRARY = 00007F0000000000
T0> DEBUG >   VMA_KERNEL = FFFFFFFF80000000
T0> DEBUG > Kernel startup info:
T0> DEBUG >   KernelPhysicalBase = 0000000000200000
T0> DEBUG >   KernelSize = 671288
T0> DEBUG >   StackTop = 0000000000200000
T0> DEBUG >   IRQMask_21_RM = 0x0
T0> DEBUG >   IRQMask_A1_RM = 0x0
T0> DEBUG >   MemorySize = 134082560
T0> DEBUG >   PageCount = 32735
T0> DEBUG > [InitializeKernelProcess] Enter
T0> DEBUG > [InitializeKernelProcess] Memory : 134082560
T0> DEBUG > [InitializeKernelProcess] Pages : 32735
T0> DEBUG > [AllocRegion] Enter: Base=0xffffffff80000000 Target=0x0 Size=0x100000 Flags=0x23
T0> DEBUG > [AllocRegion] Calling FindFreeRegion with base = 0xffffffff80000000 and size = 0x100000
T0> DEBUG > [AllocRegion] FindFreeRegion found with base = 0xffffffff80208000 and size = 0x100000
T0> DEBUG > [AllocRegion] Allocating pages
T0> DEBUG > [AllocRegion] Exit
T0> DEBUG > [InitializeKernelProcess] HeapBase : FFFFFFFF80208000
T0> DEBUG > [CreateTask] Enter
T0> DEBUG > [CreateTask] Process : 0xFFFFFFFF800A0280
T0> DEBUG > [CreateTask] Info : 0x1FFDF0
T0> DEBUG > [CreateTask] Func : 0xFFFFFFFF80014BD0
T0> DEBUG > [CreateTask] Parameter : 0xFFFFFFFF
T0> DEBUG > [CreateTask] Flags : 0x2
T0> DEBUG > [NewTask] Enter
T0> DEBUG > [CreateKernelObject] Creating object of size 798 with ID 0x4b534154
T0> DEBUG > [CreateKernelObject] Object created at 0x80208090, OwnerProcess: 0x800a0280
T0> DEBUG > [NewTask] Task pointer = FFFFFFFF80208090
T0> DEBUG > [NewTask] Task initialized: Address=FFFFFFFF80208090, Status=0x1, TASK_STATUS_READY=0x1
T0> DEBUG > [NewTask] Initialize task message queue
T0> DEBUG > [NewTask] MessageDestructor = FFFFFFFF8004D570
T0> DEBUG > [NewTask] KernelHeapAlloc = FFFFFFFF80011600
T0> DEBUG > [NewTask] KernelHeapFree = FFFFFFFF800116A0
T0> DEBUG > [NewList] Enter
T0> DEBUG > [NewList] ItemDestructor = 0xFFFFFFFF8004D570
T0> DEBUG > [NewList] MemAlloc = 0xFFFFFFFF80011600
T0> DEBUG > [NewList] MemFree = 0xFFFFFFFF800116A0
T0> DEBUG > [NewList] List pointer = 0xFFFFFFFF802084B0
T0> DEBUG > [NewList] Exit
T0> DEBUG > [NewTask] Exit
T0> DEBUG > [CreateTask] Task allocated at 0xFFFFFFFF80208090
T0> DEBUG > [CreateTask] Process exos.bin TaskCount incremented to 1
T0> DEBUG > [CreateTask] Allocating stack...
T0> DEBUG > [CreateTask] Calling process heap base 0xFFFFFFFF80208000, size 0x100000
T0> DEBUG > [CreateTask] Kernel process heap base 0xFFFFFFFF80208000, size 0x100000
T0> DEBUG > [CreateTask] Process == KernelProcess ? YES
T0> DEBUG > [SetupTask] Enter
T0> DEBUG > [AllocRegion] Enter: Base=0xffffffff80000000 Target=0x0 Size=0x20000 Flags=0x23
T0> DEBUG > [AllocRegion] Calling FindFreeRegion with base = 0xffffffff80000000 and size = 0x20000
T0> DEBUG > [AllocRegion] FindFreeRegion found with base = 0xffffffff80308000 and size = 0x20000
T0> DEBUG > [AllocRegion] Allocating pages
T0> DEBUG > [AllocRegion] Exit
T0> DEBUG > [AllocRegion] Enter: Base=0xffffffff80000000 Target=0x0 Size=0x20000 Flags=0x23
T0> DEBUG > [AllocRegion] Calling FindFreeRegion with base = 0xffffffff80000000 and size = 0x20000
T0> DEBUG > [AllocRegion] FindFreeRegion found with base = 0xffffffff80328000 and size = 0x20000
T0> DEBUG > [AllocRegion] Allocating pages
T0> DEBUG > [AllocRegion] Exit
T0> DEBUG > [SetupTask] BaseVMA=FFFFFFFF80000000, Requested StackBase at BaseVMA
T0> DEBUG > [SetupTask] Actually got StackBase=FFFFFFFF80308000
T0> DEBUG > [SetupTask] Stack (131072 bytes) allocated at FFFFFFFF80308000
T0> DEBUG > [SetupTask] System stack (131072 bytes) allocated at FFFFFFFF80328000
T0> DEBUG > [SetupTask] Setting kernel privilege (ring 0)
T0> DEBUG > [SetupTask] BootStackTop = 0000000000200000
T0> DEBUG > [SetupTask] StackTop = FFFFFFFF80328000
T0> DEBUG > [SetupTask] StackUsed = 960
T0> DEBUG > [SetupTask] Switching to new stack...
T0> DEBUG > [SwitchStack] Current ESP=00000000001FFCE0, EBP=00000000001FFD30 at switch time
T0> DEBUG > [SwitchStack] Switching SP 00000000001FFCE0 -> FFFFFFFF80327CE0, BP 00000000001FFD30 -> FFFFFFFF80327D30
T0> DEBUG > [SetupTask] Main task stack switched successfully
T0> DEBUG > [SetupTask] Exit
T0> DEBUG > [AddTaskToQueue] NewTask = FFFFFFFF80208090
T0> DEBUG > [AddTaskToQueue] Adding FFFFFFFF80208090
T0> DEBUG > [CreateTask] Exit
T0> DEBUG > Kernel main task = FFFFFFFF80208090 (KernelMain)
T0> DEBUG > [InitializeKernelProcess] Loading TR
T0> DEBUG > [InitializeKernelProcess] Exit
T0> DEBUG > [InitializeKernel] Kernel process and task initialized
T0> DEBUG > [InitializeKernel] Object termination cache initialized
T0> DEBUG > ===========================================================================
T0> DEBUG > [Autotest] Starting Test Suite
T0> DEBUG > [Autotest] Found 8 test modules to run
T0> DEBUG > [Autotest] Running test: TestCopyStack
T0> DEBUG > [TestCopyStack] Frame 1 EBP: expected 0x80327CF0, got 0x80327DF0
T0> DEBUG > [TestCopyStack] Frame 2 EBP: expected 0x80327CE0, got 0x80327DE0
T0> DEBUG > [Autotest] TestCopyStack: 6/8 passed
T0> DEBUG > [Autotest] Running test: TestCircularBuffer
T0> DEBUG > [Autotest] TestCircularBuffer: 5/5 passed
T0> DEBUG > [Autotest] Running test: TestRegex
T0> DEBUG > [TestRegex] Match test failed: pattern="^[A-Za-z_][A-Za-z0-9_]*$", text="Hello_123", expected=TRUE, got=FALSE
T0> DEBUG > [TestRegex] Search test failed: pattern="^[A-Za-z_][A-Za-z0-9_]*$", text="Hello_123", expected=TRUE, got=FALSE
T0> DEBUG > [TestRegex] Match test failed: pattern="a[0-9]b", text="a7b", expected=TRUE, got=FALSE
T0> DEBUG > [TestRegex] Search test failed: pattern="a[0-9]b", text="a7b", expected=TRUE, got=FALSE
T0> DEBUG > [Autotest] TestRegex: 12/14 passed
T0> DEBUG > [Autotest] Running test: TestI386Disassembler
T0> DEBUG > [Autotest] TestI386Disassembler: 17/17 passed
T0> DEBUG > [Autotest] Running test: TestBcrypt
T0> DEBUG > [Autotest] TestBcrypt: 6/6 passed
T0> DEBUG > [Autotest] Running test: TestIPv4
T0> DEBUG > [IPv4_AddPendingPacket] Invalid parameters: PayloadLength=100
T0> DEBUG > [IPv4_AddPendingPacket] Invalid parameters: PayloadLength=100
T0> DEBUG > [IPv4_AddPendingPacket] Invalid parameters: PayloadLength=0
T0> DEBUG > [IPv4_AddPendingPacket] Invalid parameters: PayloadLength=2000
T0> DEBUG > [Autotest] TestIPv4: 8/8 passed
T0> DEBUG > [Autotest] Running test: TestMacros
T0> DEBUG > [Autotest] TestMacros: 37/37 passed
T0> DEBUG > [Autotest] Running test: TestTCP
T0> DEBUG > [TCP_ValidateChecksum] Validating TCP checksum
T0> DEBUG > [TCP_ValidateChecksum] Src=1.1.168.192:80 Dst=2.1.168.192:8080
T0> DEBUG > [TCP_ValidateChecksum] Received checksum: 0x0x40AF
T0> DEBUG > [TCP_ValidateChecksum] Calculated checksum: 0x0x40AF, valid: YES
T0> DEBUG > [TCP_ValidateChecksum] Validating TCP checksum
T0> DEBUG > [TCP_ValidateChecksum] Src=1.1.168.192:80 Dst=2.1.168.192:8080
T0> DEBUG > [TCP_ValidateChecksum] Received checksum: 0x0xBF50
T0> DEBUG > [TCP_ValidateChecksum] Calculated checksum: 0x0x40AF, valid: NO
T0> DEBUG > [TCP_ValidateChecksum] CHECKSUM MISMATCH - packet may be corrupted
T0> DEBUG > [TCP_ValidateChecksum] Expected: 0x0x40AF, Received: 0x0xBF50
T0> ERROR > [TestTCPChecksum] Known frame test FAILED: calculated=0x98cd expected=0x4e2a
T0> DEBUG > [Autotest] TestTCP: 5/6 passed
T0> DEBUG > [Autotest] Test Suite Complete
T0> DEBUG > [Autotest] Tests Run: 101, Tests Passed: 96
T0> WARNING > [Autotest] SOME TESTS FAILED (5 failures)
T0> DEBUG > ===========================================================================
T0> DEBUG > [LoadDriver] : Loading Keyboard driver at 0xFFFFFFFF800A1CA0
T0> DEBUG > Keyboard: About to enable IRQ_KEYBOARD (1)
T0> DEBUG > Keyboard: Active interrupt controller type: 2
T0> DEBUG > [EnableInterrupt] IRQ 1
T0> DEBUG > [EnableInterrupt] IsIOAPICModeActive() = TRUE
T0> DEBUG > [EnableInterrupt] IsPICModeActive() = FALSE
T0> DEBUG > [EnableInterrupt] Calling EnableIOAPICInterrupt for IRQ 1
T0> DEBUG > Keyboard: IRQ_KEYBOARD enabled successfully
T0> DEBUG > [InitializeKernel] Keyboard initialized
T0> DEBUG > [LoadDriver] : Loading SerialMouse driver at 0xFFFFFFFF800A2540
T0> DEBUG > [MouseInitialize] Mouse found on COM1: 
T0> DEBUG > [EnableInterrupt] IRQ 4
T0> DEBUG > [EnableInterrupt] IsIOAPICModeActive() = TRUE
T0> DEBUG > [EnableInterrupt] IsPICModeActive() = FALSE
T0> DEBUG > [EnableInterrupt] Calling EnableIOAPICInterrupt for IRQ 4
T0> DEBUG > [InitializeKernel] Mouse initialized
T0> DEBUG > [EnableInterrupt] IRQ 0
T0> DEBUG > [EnableInterrupt] IsIOAPICModeActive() = TRUE
T0> DEBUG > [EnableInterrupt] IsPICModeActive() = FALSE
T0> DEBUG > [EnableInterrupt] Calling EnableIOAPICInterrupt for IRQ 0
T0> DEBUG > [MapInterrupt] IRQ 0 mapped to GSI 2
T0> DEBUG > [InitializeKernel] Clock initialized
T0> DEBUG > [InitializeKernel] Got CPU information
T0> DEBUG > [InitializeQuantumTime] Emulation mode, base quantum = 50 ms
T0> DEBUG > [InitializeQuantumTime] Scheduling debug enabled, final quantum = 100 ms
T0> DEBUG > [PCI] Registered driver E1000 (82540EM)
T0> DEBUG > [PCI] Registered driver AHCI SATA Controller
T0> DEBUG > [PCI] Scanning bus
T0> DEBUG > [PCI] Found 0x0:0x0.0 VID=0x8086 DID=0x29c0
T0> DEBUG > [PCI] Found 0x0:0x1.0 VID=0x1234 DID=0x1111
T0> DEBUG > [PCI] Found 0x0:0x2.0 VID=0x8086 DID=0x2922
T0> DEBUG > [PCI] AHCI SATA Controller matches 0x0:0x2.0
T0> DEBUG > [AHCIProbe] Found AHCI controller 0x8086:0x2922
T0> DEBUG > [AHCIAttach] Attaching AHCI controller 0x0:0x2.0
T0> DEBUG > [AHCIAttach] ABAR at 00000000FEBF1000
T0> DEBUG > [MapIOMemory] Original: PA=0xfebf1000 Size=0x1000
T0> DEBUG > [MapIOMemory] Aligned: PA=0xfebf1000 Size=0x1000 Offset=0x0
T0> DEBUG > [AllocRegion] Enter: Base=0xffffffff80000000 Target=0xfebf1000 Size=0x1000 Flags=0x37
T0> DEBUG > [AllocRegion] Calling FindFreeRegion with base = 0xffffffff80000000 and size = 0x1000
T0> DEBUG > [AllocRegion] FindFreeRegion found with base = 0xffffffff80348000 and size = 0x1000
T0> DEBUG > [AllocRegion] Allocating pages
T0> DEBUG > [AllocRegion] Exit
T0> DEBUG > [MapIOMemory] Mapped at aligned=0xffffffff80348000, returning=0xffffffff80348000
T0> DEBUG > [AHCIAttach] ABAR mapped to virtual address 0x0xFFFFFFFF80348000
T0> DEBUG > [InitializeAHCIController] Initializing AHCI HBA
T0> DEBUG > [InitializeAHCIController] Base address: FFFFFFFF80348000
T0> DEBUG > [InitializeAHCIController] Testing memory access...
T0> DEBUG > [InitializeAHCIController] First DWORD: 0x0xC0141F05
T0> DEBUG > [InitializeAHCIController] AHCI version 0x1.0x0
T0> DEBUG > [InitializeAHCIController] 6 ports, CAP=0xc0141f05
T0> DEBUG > [InitializeAHCIController] Ports implemented: 0x3f
T0> DEBUG > [InitializeAHCIPort] Initializing port 0
T0> DEBUG > [InitializeAHCIPort] Port 0 SSTS: 0x113, DET: 0x3
T0> DEBUG > [InitializeAHCIPort] Expected DET_ESTABLISHED: 0x3
T0> DEBUG > [InitializeAHCIPort] Device communication established on port 0
T0> DEBUG > [InitializeAHCIPort] CommandList: virt=0x8020b490 phys=0x412490
T0> DEBUG > [InitializeAHCIPort] FISBase: virt=0x8020b8b0 phys=0x4128b0
T0> DEBUG > [InitializeAHCIPort] Port 0 initialized successfully
T0> DEBUG > [InitializeAHCIController] Port 0 added to disk list
T0> DEBUG > [InitializeAHCIPort] Initializing port 1
T0> DEBUG > [InitializeAHCIPort] Port 1 SSTS: 0x0, DET: 0x0
T0> DEBUG > [InitializeAHCIPort] Expected DET_ESTABLISHED: 0x3
T0> DEBUG > [InitializeAHCIPort] No device on port 1 (DET=0x0)
T0> DEBUG > [InitializeAHCIPort] Initializing port 2
T0> DEBUG > [InitializeAHCIPort] Port 2 SSTS: 0x0, DET: 0x0
T0> DEBUG > [InitializeAHCIPort] Expected DET_ESTABLISHED: 0x3
T0> DEBUG > [InitializeAHCIPort] No device on port 2 (DET=0x0)
T0> DEBUG > [InitializeAHCIPort] Initializing port 3
T0> DEBUG > [InitializeAHCIPort] Port 3 SSTS: 0x0, DET: 0x0
T0> DEBUG > [InitializeAHCIPort] Expected DET_ESTABLISHED: 0x3
T0> DEBUG > [InitializeAHCIPort] No device on port 3 (DET=0x0)
T0> DEBUG > [InitializeAHCIPort] Initializing port 4
T0> DEBUG > [InitializeAHCIPort] Port 4 SSTS: 0x0, DET: 0x0
T0> DEBUG > [InitializeAHCIPort] Expected DET_ESTABLISHED: 0x3
T0> DEBUG > [InitializeAHCIPort] No device on port 4 (DET=0x0)
T0> DEBUG > [InitializeAHCIPort] Initializing port 5
T0> DEBUG > [InitializeAHCIPort] Port 5 SSTS: 0x0, DET: 0x0
T0> DEBUG > [InitializeAHCIPort] Expected DET_ESTABLISHED: 0x3
T0> DEBUG > [InitializeAHCIPort] No device on port 5 (DET=0x0)
T0> DEBUG > [InitializeAHCIController] AHCI initialization complete
T0> DEBUG > [PCI] Adding device FFFFFFFF8020B070 (ID=0x44494350) to list
T0> DEBUG > [PCI] Attached AHCI SATA Controller to 0x0:0x2.0
T0> DEBUG > [PCI] Found 0x0:0x3.0 VID=0x8086 DID=0x100e
T0> DEBUG > [PCI] E1000 (82540EM) matches 0x0:0x3.0
T0> DEBUG > [E1000_Attach] New device 0x0:0x3.0
T0> DEBUG > [E1000_Attach] Device=0xffffffff8020c8b0, ID=0x44494350, PciDevice->TypeID=0x44494350
T0> DEBUG > [E1000_Attach] BAR0: Phys=0xfebc0000 Size=0x20000
T0> DEBUG > [E1000_Attach] Calling MapIOMemory(Phys=0xFEBC0000, Size=0x20000)
T0> DEBUG > [MapIOMemory] Original: PA=0xfebc0000 Size=0x20000
T0> DEBUG > [MapIOMemory] Aligned: PA=0xfebc0000 Size=0x20000 Offset=0x0
T0> DEBUG > [AllocRegion] Enter: Base=0xffffffff80000000 Target=0xfebc0000 Size=0x20000 Flags=0x37
T0> DEBUG > [AllocRegion] Calling FindFreeRegion with base = 0xffffffff80000000 and size = 0x20000
T0> DEBUG > [AllocRegion] FindFreeRegion found with base = 0xffffffff80349000 and size = 0x20000
T0> DEBUG > [AllocRegion] Allocating pages
T0> DEBUG > [AllocRegion] Exit
T0> DEBUG > [MapIOMemory] Mapped at aligned=0xffffffff80349000, returning=0xffffffff80349000
T0> DEBUG > [E1000_Attach] MMIO mapped at 0xFFFFFFFF80349000 size 0x20000
T0> DEBUG > [E1000_Reset] Begin
T0> DEBUG > [E1000_Reset] Done
T0> DEBUG > [E1000_Attach] Reset complete
T0> DEBUG > [E1000_ReadMac] Initial RAL0=0x12005452 RAH0=0x80005634
T0> DEBUG > [E1000_ReadMac] Using valid RAL/RAH MAC: 0x52:0x54:0x0:0x12:0x34:0x56
T0> DEBUG > [E1000_SetupMacFilters] Begin
T0> DEBUG > [E1000_SetupMacFilters] RAL0=0x12005452 RAH0=0x80005634
T0> DEBUG > [E1000_SetupMacFilters] Done
T0> DEBUG > [E1000_SetupReceive] Begin
T0> DEBUG > [AllocRegion] Enter: Base=0xffffffff80000000 Target=0x54f000 Size=0x1000 Flags=0x23
T0> DEBUG > [AllocRegion] Calling FindFreeRegion with base = 0xffffffff80000000 and size = 0x1000
T0> DEBUG > [AllocRegion] FindFreeRegion found with base = 0xffffffff80369000 and size = 0x1000
T0> DEBUG > [AllocRegion] Allocating pages
T0> DEBUG > [AllocRegion] Exit
T0> DEBUG > [AllocRegion] Enter: Base=0xffffffff80000000 Target=0x0 Size=0x80000 Flags=0x23
T0> DEBUG > [AllocRegion] Calling FindFreeRegion with base = 0xffffffff80000000 and size = 0x80000
T0> DEBUG > [AllocRegion] FindFreeRegion found with base = 0xffffffff8036a000 and size = 0x80000
T0> DEBUG > [AllocRegion] Allocating pages
T0> DEBUG > [AllocRegion] Exit
T0> DEBUG > [E1000_SetupReceive] RX[0]: PhysAddr=0x550000 Linear=0x8036a000 (aligned=YES)
T0> DEBUG > [E1000_SetupReceive] RX[1]: PhysAddr=0x551000 Linear=0x8036b000 (aligned=YES)
T0> DEBUG > [E1000_SetupReceive] RX[2]: PhysAddr=0x552000 Linear=0x8036c000 (aligned=YES)
T0> DEBUG > [E1000_SetupReceive] Descriptor ring properly aligned at 000000000054F000
T0> DEBUG > [E1000_SetupReceive] Initial RDH=0 RDT=127 RingCount=128
T0> DEBUG > [E1000_SetupReceive] TCTL set to 0x4010a to establish link
T0> DEBUG > [E1000_SetupReceive] RCTL set to 0x400801a (with promiscuous mode)
T0> DEBUG > [E1000_SetupReceive] RCTL=0x400801a (expected=0x400801a) RDH=0 RDT=127 RDLEN=2048
T0> DEBUG > [E1000_SetupReceive] RDBAL=0x54f000 RDBAH=0x0 (expected phys=000000000054F000)
T0> DEBUG > [E1000_SetupReceive] RX[0]: BufferAddr=0x0:0x550000 Status=0x0
T0> DEBUG > [E1000_SetupReceive] STATUS=0x80080783 LinkUp=YES FullDuplex=YES Speed=100
T0> DEBUG > [E1000_SetupReceive] Applying QEMU E1000 compatibility fixes
T0> DEBUG > [E1000_SetupReceive] After SLU: STATUS=0x80080783 LinkUp=YES
T0> DEBUG > [E1000_SetupReceive] QEMU E1000 compatibility mode - ignoring link status
T0> DEBUG > [E1000_SetupReceive] Cleared Multicast Table Array
T0> DEBUG > [E1000_SetupReceive] Set MAC address: RAL0=0x12005452 RAH0=0x80005634
T0> DEBUG > [E1000_SetupReceive] Enabled RX interrupts: IMS=0xd0
T0> DEBUG > [E1000_SetupReceive] Done
T0> DEBUG > [E1000_Attach] RX setup complete
T0> DEBUG > [E1000_SetupTransmit] Begin
T0> DEBUG > [AllocRegion] Enter: Base=0xffffffff80000000 Target=0x5d0000 Size=0x1000 Flags=0x23
T0> DEBUG > [AllocRegion] Calling FindFreeRegion with base = 0xffffffff80000000 and size = 0x1000
T0> DEBUG > [AllocRegion] FindFreeRegion found with base = 0xffffffff803ea000 and size = 0x1000
T0> DEBUG > [AllocRegion] Allocating pages
T0> DEBUG > [AllocRegion] Exit
T0> DEBUG > [AllocRegion] Enter: Base=0xffffffff80000000 Target=0x0 Size=0x80000 Flags=0x23
T0> DEBUG > [AllocRegion] Calling FindFreeRegion with base = 0xffffffff80000000 and size = 0x80000
T0> DEBUG > [AllocRegion] FindFreeRegion found with base = 0xffffffff803eb000 and size = 0x80000
T0> DEBUG > [AllocRegion] Allocating pages
T0> DEBUG > [AllocRegion] Exit
T0> DEBUG > [E1000_SetupTransmit] TX[0]: PhysAddr=00000000005D1000 Linear=FFFFFFFF803EB000 (aligned=YES)
T0> DEBUG > [E1000_SetupTransmit] TX[1]: PhysAddr=00000000005D2000 Linear=FFFFFFFF803EC000 (aligned=YES)
T0> DEBUG > [E1000_SetupTransmit] TX[2]: PhysAddr=00000000005D3000 Linear=FFFFFFFF803ED000 (aligned=YES)
T0> DEBUG > [E1000_SetupTransmit] TX descriptor ring properly aligned at 00000000005D0000
T0> DEBUG > [E1000_SetupTransmit] Done
T0> DEBUG > [E1000_Attach] TX setup complete
T0> DEBUG > [E1000_Attach] Attached 0x0:0x3.0 MMIO=0x80349000 size=0x20000 MAC=0x52:0x54:0x0:0x12:0x34:0x56
T0> DEBUG > [PCI] Adding device FFFFFFFF8020C8B0 (ID=0x44494350) to list
T0> DEBUG > [PCI] Attached E1000 (82540EM) to 0x0:0x3.0
T0> DEBUG > [PCI] Found 0x0:0x1f.0 VID=0x8086 DID=0x2918
T0> DEBUG > [PCI] Found 0x0:0x1f.2 VID=0x8086 DID=0x2922
T0> DEBUG > [PCI] AHCI SATA Controller matches 0x0:0x1f.2
T0> DEBUG > [AHCIProbe] Found AHCI controller 0x8086:0x2922
T0> DEBUG > [AHCIAttach] AHCI already initialized, skipping duplicate controller
T0> DEBUG > [PCI] Adding device FFFFFFFF8020DAB0 (ID=0x44494350) to list
T0> DEBUG > [PCI] Attached AHCI SATA Controller to 0x0:0x1f.2
T0> DEBUG > [PCI] Found 0x0:0x1f.3 VID=0x8086 DID=0x2930
T0> DEBUG > [PCI] Bus scan complete
T0> DEBUG > [InitializeKernel] PCI manager initialized
T0> DEBUG > [LoadDriver] : Loading ATADisk driver at 0xFFFFFFFF800A10C0
T0> DEBUG > [InitializeATA] Enter
T0> WARNING > [ATAWaitNotBusy] Time-out in ATA port 0x1f0
T0> WARNING > [ATAWaitNotBusy] Time-out in ATA port 0x1f0
T0> WARNING > [ATAWaitNotBusy] Time-out in ATA port 0x170
T0> WARNING > [ATAWaitNotBusy] Time-out in ATA port 0x170
T0> DEBUG > [InitializeATA] No disks found, IRQ remains disabled
T0> DEBUG > [InitializeATA] Exit
T0> DEBUG > [LoadDriver] : Loading SATADisk driver at 0xFFFFFFFF800A2180
T0> DEBUG > [InitializeKernel] Physical drives initialized
T0> DEBUG > [LoadDriver] : Loading RAMDisk driver at 0xFFFFFFFF8009A1C0
T0> DEBUG > [RAMDiskInitialize] Enter
T0> DEBUG > [AllocRegion] Enter: Base=0xffffffff80000000 Target=0x0 Size=0x80000 Flags=0x23
T0> DEBUG > [AllocRegion] Calling FindFreeRegion with base = 0xffffffff80000000 and size = 0x80000
T0> DEBUG > [AllocRegion] FindFreeRegion found with base = 0xffffffff8046b000 and size = 0x80000
T0> DEBUG > [AllocRegion] Allocating pages
T0> DEBUG > [AllocRegion] Exit
T0> DEBUG > [RAMDiskInitialize] Memory allocated at 0xffffffff8046b000
T0> DEBUG > [RAMDiskInitialize] Disk purged
T0> DEBUG > [RAMDiskInitialize] Partition created
T0> DEBUG > [EXFS.CreatePartition] Enter
T0> DEBUG > [EXFS.CreatePartition] Buffers cleared
T0> DEBUG > [EXFS.CreatePartition] MBR written
T0> DEBUG > [EXFS.CreatePartition] Superblock written
T0> DEBUG > [EXFS.CreatePartition] Root cluster page written
T0> DEBUG > [EXFS.CreatePartition] First file record written
T0> DEBUG > [RAMDiskInitialize] Partition formated in EXFS
T0> DEBUG > [InitializeKernel] RAM drive initialized
T0> DEBUG > [MountDiskPartitions] Disk = 0xffffffff8020b290, Partition = 0x0, Base = 0x0
T0> DEBUG > [MountDiskPartitions] Mounting EXT2 partition
T0> DEBUG > [MountPartition_EXT2] Mounted EXT2 volume hd0p0 (block size 4096)
T0> DEBUG > [FileSystemSetActivePartition] Active partition name set to hd0p0
T0> DEBUG > [MountDiskPartitions] Disk = 0xffffffff8020afd0, Partition = 0x0, Base = 0x0
T0> DEBUG > [MountDiskPartitions] Mounting EXFS partition
T0> DEBUG > [MountSystemFS] Mounting system FileSystem
T0> DEBUG > [NewList] Enter
T0> DEBUG > [NewList] ItemDestructor = 0x0
T0> DEBUG > [NewList] MemAlloc = 0xFFFFFFFF80011600
T0> DEBUG > [NewList] MemFree = 0xFFFFFFFF800116A0
T0> DEBUG > [NewList] List pointer = 0xFFFFFFFF8020B3B0
T0> DEBUG > [NewList] Exit
T0> DEBUG > [NewList] Enter
T0> DEBUG > [NewList] ItemDestructor = 0xFFFFFFFF8006FEF0
T0> DEBUG > [NewList] MemAlloc = 0xFFFFFFFF80011600
T0> DEBUG > [NewList] MemFree = 0xFFFFFFFF800116A0
T0> DEBUG > [NewList] List pointer = 0xFFFFFFFF8020B410
T0> DEBUG > [NewList] Exit
T0> DEBUG > [NewList] Enter
T0> DEBUG > [NewList] ItemDestructor = 0x0
T0> DEBUG > [NewList] MemAlloc = 0xFFFFFFFF80011600
T0> DEBUG > [NewList] MemFree = 0xFFFFFFFF800116A0
T0> DEBUG > [NewList] List pointer = 0xFFFFFFFF80215750
T0> DEBUG > [NewList] Exit
T0> DEBUG > [NewList] Enter
T0> DEBUG > [NewList] ItemDestructor = 0xFFFFFFFF8006FEF0
T0> DEBUG > [NewList] MemAlloc = 0xFFFFFFFF80011600
T0> DEBUG > [NewList] MemFree = 0xFFFFFFFF800116A0
T0> DEBUG > [NewList] List pointer = 0xFFFFFFFF8020B410
T0> DEBUG > [NewList] Exit
T0> DEBUG > [NewList] Enter
T0> DEBUG > [NewList] ItemDestructor = 0x0
T0> DEBUG > [NewList] MemAlloc = 0xFFFFFFFF80011600
T0> DEBUG > [NewList] MemFree = 0xFFFFFFFF800116A0
T0> DEBUG > [NewList] List pointer = 0xFFFFFFFF802161F0
T0> DEBUG > [NewList] Exit
T0> DEBUG > [NewList] Enter
T0> DEBUG > [NewList] ItemDestructor = 0xFFFFFFFF8006FEF0
T0> DEBUG > [NewList] MemAlloc = 0xFFFFFFFF80011600
T0> DEBUG > [NewList] MemFree = 0xFFFFFFFF800116A0
T0> DEBUG > [NewList] List pointer = 0xFFFFFFFF8020B410
T0> DEBUG > [NewList] Exit
T0> DEBUG > [NewList] Enter
T0> DEBUG > [NewList] ItemDestructor = 0x0
T0> DEBUG > [NewList] MemAlloc = 0xFFFFFFFF80011600
T0> DEBUG > [NewList] MemFree = 0xFFFFFFFF800116A0
T0> DEBUG > [NewList] List pointer = 0xFFFFFFFF80216A70
T0> DEBUG > [NewList] Exit
T0> DEBUG > [InitializeKernel] File systems initialized
T0> DEBUG > [ReadKernelConfiguration] Enter
T0> DEBUG > [FileReadAll] Name = exos.toml
T0> DEBUG > [OpenFile] Searching for exos.toml in file systems
T0> DEBUG > [OpenFile] Found exos.toml in Minimal EXT2
T0> DEBUG > [FileReadAll] File found
T0> DEBUG > [ReadKernelConfiguration] Config read from exos.toml
T0> DEBUG > [TomlParse] Enter
T0> DEBUG > [TomlParse] Exit
T0> DEBUG > [ReadKernelConfiguration] Exit
T0> DEBUG > [InitializeNetwork] Enter
T0> DEBUG > [NetworkManager_FindNetworkDevices] Enter
T0> DEBUG > [CreateKernelObject] Creating object of size 84 with ID 0x4454454e
T0> DEBUG > [CreateKernelObject] Object created at 0x8021ddd0, OwnerProcess: 0x800a0280
T0> DEBUG > [NetworkManager_GetDeviceConfigIP] Device eth0: LocalIP = 192.168.56.10
T0> DEBUG > [NetworkManager_FindNetworkDevices] Found network device 0: E1000 (82540EM) with IP fallback base+0
T0> DEBUG > [NetworkManager_FindNetworkDevices] Found 1 network devices
T0> DEBUG > [NetworkManager_InitializeDevice] Enter for device E1000 (82540EM)
T0> DEBUG > [E1000_Reset] Begin
T0> DEBUG > [E1000_Reset] Done
T0> DEBUG > [E1000_OnGetInfo] Enter
T0> DEBUG > [E1000_OnGetInfo] MAC copied: 0x52:0x54:0x0:0x12:0x34:0x56
T0> DEBUG > [E1000_OnGetInfo] Link=UP Speed=1000 Duplex=FULL MTU=1500
T0> DEBUG > [NetworkManager_InitializeDevice] MAC=0x52:0x54:0x0:0x12:0x34:0x56 Link=UP Speed=1000 Duplex=FULL MTU=1500
T0> DEBUG > [NetworkManager_InitializeDevice] Initializing ARP layer
T0> DEBUG > [NewList] Enter
T0> DEBUG > [NewList] ItemDestructor = 0x0
T0> DEBUG > [NewList] MemAlloc = 0xFFFFFFFF80011600
T0> DEBUG > [NewList] MemFree = 0xFFFFFFFF800116A0
T0> DEBUG > [NewList] List pointer = 0xFFFFFFFF8021DEA0
T0> DEBUG > [NewList] Exit
T0> DEBUG > [Notification_CreateContext] Created context at 0x8021de70
T0> DEBUG > [NetworkManager_InitializeDevice] Initializing IPv4 layer
T0> DEBUG > [NewList] Enter
T0> DEBUG > [NewList] ItemDestructor = 0x0
T0> DEBUG > [NewList] MemAlloc = 0xFFFFFFFF80011600
T0> DEBUG > [NewList] MemFree = 0xFFFFFFFF800116A0
T0> DEBUG > [NewList] List pointer = 0xFFFFFFFF8021DF90
T0> DEBUG > [NewList] Exit
T0> DEBUG > [Notification_CreateContext] Created context at 0x8021df60
T0> DEBUG > [IPv4_Initialize] Initialized for 192.168.56.10
T0> DEBUG > [NetworkManager_InitializeDevice] Initializing UDP layer
T0> DEBUG > [IPv4_RegisterProtocolHandler] Registered handler for protocol 17
T0> DEBUG > [UDP_Initialize] UDP initialized for device
T0> DEBUG > [NetworkManager_InitializeDevice] Initializing DHCP layer
T0> DEBUG > [E1000_OnGetInfo] Enter
T0> DEBUG > [E1000_OnGetInfo] MAC copied: 0x52:0x54:0x0:0x12:0x34:0x56
T0> DEBUG > [E1000_OnGetInfo] Link=UP Speed=1000 Duplex=FULL MTU=1500
T0> DEBUG > [DHCP_Initialize] MAC: 0x52:0x54:0x0:0x12:0x34:0x56
T0> DEBUG > [UDP_RegisterPortHandler] Port 68 registered
T0> DEBUG > [DHCP_Initialize] DHCP initialized for device
T0> DEBUG > [DHCP_Start] Starting DHCP discovery
T0> DEBUG > [DHCP_SendDiscover] Sending DHCP DISCOVER
T0> DEBUG > [UDP_Send] Sending UDP packet: SrcPort=68 DstPort=67 Length=560
T0> DEBUG > [IPv4_Send] ARP resolved immediately, sending packet
T0> DEBUG > [E1000_OnGetInfo] Enter
T0> DEBUG > [E1000_OnGetInfo] MAC copied: 0x52:0x54:0x0:0x12:0x34:0x56
T0> DEBUG > [E1000_OnGetInfo] Link=UP Speed=1000 Duplex=FULL MTU=1500
T0> DEBUG > [IPv4_Send] Ethernet Header: Dest=0xFF:0xFF:0xFF:0xFF:0xFF:0xFF Src=0x52:0x54:0x00:0x12:0x34:0x56 EthType=0x0x0800
T0> DEBUG > [IPv4_Send] IPv4 Header: Src=192.168.56.10 Dst=255.255.255.255 Proto=17 Len=580 TTL=64 ID=1 Checksum=0x0x3FF6
T0> DEBUG > [IPv4_Send] Sending IPv4 packet: Src=0xc0a8380a Dst=0xffffffff Proto=17 Len=580
T0> DEBUG > [E1000_OnSend] Entry: Send=0xffffffff80326de0
T0> DEBUG > [E1000_OnSend] Calling TxSend: Device=FFFFFFFF8020C8B0, Length=594
T0> DEBUG > [E1000_TransmitSend] ENTRY len=594 TxTail=0
T0> DEBUG > [E1000_TransmitSend] Index=0 TxBufPhys=00000000005D1000 TxBufLinear=FFFFFFFF803EB000
T0> DEBUG > [E1000_TransmitSend] BEFORE: Ring[0].Addr=0000000000000000:00000000005D1000 Length=0 CMD=0x0 STA=0x1
T0> DEBUG > [E1000_TransmitSend] Data copied to buffer, first 4 bytes: 0xff 0xff 0xff 0xff
T0> DEBUG > [E1000_TransmitSend] AFTER setup: Ring[0].Length=594 CMD=0xb STA=0x0
T0> DEBUG > [E1000_TransmitSend] Current TDT=0
T0> DEBUG > [E1000_TransmitSend] TDT written=1 verified=1
T0> DEBUG > [E1000_TransmitSend] TDH=1 TDT=1 TCTL=0x4010a
T0> DEBUG > [E1000_TransmitSend] FINAL: Wait=0 Ring[0].STA=0x1 DD=YES
T0> DEBUG > [E1000_OnSend] TxSend result: 0
T0> DEBUG > [IPv4_Send] Frame send result: 1 (TotalSize=594)
T0> DEBUG > [NetworkManager_InitializeDevice] DHCP started for device E1000 (82540EM)
T0> DEBUG > [NetworkManager_GetDeviceConfigIP] Device eth0: Netmask = global
T0> DEBUG > [NetworkManager_GetDeviceConfigIP] Device eth0: Gateway = global
T0> DEBUG > [ARP_SetLocalAddress] Local IPv4 updated to 192.168.56.10
T0> DEBUG > [IPv4_SetNetworkConfig] IP=192.168.56.10 Mask=255.255.255.0 Gateway=10.0.2.2
T0> DEBUG > [NetworkManager_InitializeDevice] Initializing TCP layer
T0> DEBUG > [TCP_Initialize] Done (send buffer=32768 bytes, receive buffer=32768 bytes, next ephemeral port=32768)
T0> DEBUG > [NetworkManager_InitializeDevice] Installing RX callback 0x80043B00 with UserData 0x8021DDD0
T0> DEBUG > [E1000_OnSetReceiveCallback] Entry Set=FFFFFFFF80327DF0
T0> DEBUG > [E1000_OnSetReceiveCallback] Callback set to FFFFFFFF80043B00 with UserData 0xffffffff8021ddd0 for device FFFFFFFF8020C8B0
T0> DEBUG > [NetworkManager_InitializeDevice] RX callback installation result: 0
T0> DEBUG > [IPv4_RegisterProtocolHandler] Registered handler for protocol 6
T0> DEBUG > [NetworkManager_InitializeDevice] TCP handler registered for protocol 6 on device 0x8020c8b0
T0> DEBUG > [NetworkManager_InitializeDevice] Network stack initialized for device E1000 (82540EM)
T0> DEBUG > [InitializeNetwork] Initialized 1 network devices
T0> DEBUG > [InitializeKernel] Network manager initialized
T0> DEBUG > [NewList] Enter
T0> DEBUG > [NewList] ItemDestructor = 0xFFFFFFFF8006FEF0
T0> DEBUG > [NewList] MemAlloc = 0xFFFFFFFF80011600
T0> DEBUG > [NewList] MemFree = 0xFFFFFFFF800116A0
T0> DEBUG > [NewList] List pointer = 0xFFFFFFFF8021E2D0
T0> DEBUG > [NewList] Exit
T0> DEBUG > [NewList] Enter
T0> DEBUG > [NewList] ItemDestructor = 0x0
T0> DEBUG > [NewList] MemAlloc = 0xFFFFFFFF80011600
T0> DEBUG > [NewList] MemFree = 0xFFFFFFFF800116A0
T0> DEBUG > [NewList] List pointer = 0xFFFFFFFF8021E550
T0> DEBUG > [NewList] Exit
T0> DEBUG > [NewList] Enter
T0> DEBUG > [NewList] ItemDestructor = 0xFFFFFFFF8006FEF0
T0> DEBUG > [NewList] MemAlloc = 0xFFFFFFFF80011600
T0> DEBUG > [NewList] MemFree = 0xFFFFFFFF800116A0
T0> DEBUG > [NewList] List pointer = 0xFFFFFFFF8021E2D0
T0> DEBUG > [NewList] Exit
T0> DEBUG > [NewList] Enter
T0> DEBUG > [NewList] ItemDestructor = 0x0
T0> DEBUG > [NewList] MemAlloc = 0xFFFFFFFF80011600
T0> DEBUG > [NewList] MemFree = 0xFFFFFFFF800116A0
T0> DEBUG > [NewList] List pointer = 0xFFFFFFFF8021D190
T0> DEBUG > [NewList] Exit
T0> DEBUG > [NewList] Enter
T0> DEBUG > [NewList] ItemDestructor = 0xFFFFFFFF8006FEF0
T0> DEBUG > [NewList] MemAlloc = 0xFFFFFFFF80011600
T0> DEBUG > [NewList] MemFree = 0xFFFFFFFF800116A0
T0> DEBUG > [NewList] List pointer = 0xFFFFFFFF8021E2D0
T0> DEBUG > [NewList] Exit
T0> DEBUG > [NewList] Enter
T0> DEBUG > [NewList] ItemDestructor = 0x0
T0> DEBUG > [NewList] MemAlloc = 0xFFFFFFFF80011600
T0> DEBUG > [NewList] MemFree = 0xFFFFFFFF800116A0
T0> DEBUG > [NewList] List pointer = 0xFFFFFFFF80228460
T0> DEBUG > [NewList] Exit
T0> DEBUG > [NewList] Enter
T0> DEBUG > [NewList] ItemDestructor = 0xFFFFFFFF8006FEF0
T0> DEBUG > [NewList] MemAlloc = 0xFFFFFFFF80011600
T0> DEBUG > [NewList] MemFree = 0xFFFFFFFF800116A0
T0> DEBUG > [NewList] List pointer = 0xFFFFFFFF8021E2D0
T0> DEBUG > [NewList] Exit
T0> DEBUG > [NewList] Enter
T0> DEBUG > [NewList] ItemDestructor = 0x0
T0> DEBUG > [NewList] MemAlloc = 0xFFFFFFFF80011600
T0> DEBUG > [NewList] MemFree = 0xFFFFFFFF800116A0
T0> DEBUG > [NewList] List pointer = 0xFFFFFFFF80227000
T0> DEBUG > [NewList] Exit
T0> DEBUG > [FileReadAll] Name = /system/data/users.database
T0> DEBUG > [NewList] Enter
T0> DEBUG > [NewList] ItemDestructor = 0xFFFFFFFF8006FEF0
T0> DEBUG > [NewList] MemAlloc = 0xFFFFFFFF80011600
T0> DEBUG > [NewList] MemFree = 0xFFFFFFFF800116A0
T0> DEBUG > [NewList] List pointer = 0xFFFFFFFF8021E330
T0> DEBUG > [NewList] Exit
T0> DEBUG > [DatabaseLoad] Failed to read /system/data/users.database
T0> DEBUG > No existing user database found - will let shell handle user creation
T0> DEBUG > [NewList] Enter
T0> DEBUG > [NewList] ItemDestructor = 0x0
T0> DEBUG > [NewList] MemAlloc = 0xFFFFFFFF80011600
T0> DEBUG > [NewList] MemFree = 0xFFFFFFFF800116A0
T0> DEBUG > [NewList] List pointer = 0xFFFFFFFF8021E2D0
T0> DEBUG > [NewList] Exit
T0> DEBUG > Session management system initialized
T0> DEBUG > User account system initialized
T0> DEBUG > [InitializeKernel] User account & session systems initialized
T0> DEBUG > [InitializeKernel] VESA driver initialized
T0> DEBUG > [UseConfiguration] Enter
T0> DEBUG > [UseConfiguration] Handling keyboard layout
T0> DEBUG > [GetScanCodeToKeyCodeTable] Index = 0, code = fr-FR
T0> DEBUG > [UseConfiguration] Exit
T0> DEBUG > [InitializeKernel] Welcome done
T0> DEBUG > [KeyboardHandler] Enter
T0> DEBUG > [KeyboardHandler] Exit
T10> DEBUG > [InitializeKernel] Interrupts enabled
T10> DEBUG > [InitializeKernel] ========================================
T20> DEBUG > [InitializeKernel] Starting monitor task
T20> DEBUG > [CreateTask] Enter
T20> DEBUG > [CreateTask] Process : 0xFFFFFFFF800A0280
T20> DEBUG > [CreateTask] Info : 0xFFFFFFFF80327EC0
T20> DEBUG > [CreateTask] Func : 0xFFFFFFFF80014B10
T20> DEBUG > [CreateTask] Parameter : 0x0
T20> DEBUG > [CreateTask] Flags : 0x0
T20> DEBUG > [NewTask] Enter
T20> DEBUG > [CreateKernelObject] Creating object of size 798 with ID 0x4b534154
T20> DEBUG > [CreateKernelObject] Object created at 0x802298c0, OwnerProcess: 0x800a0280
T20> DEBUG > [NewTask] Task pointer = FFFFFFFF802298C0
T20> DEBUG > [NewTask] Task initialized: Address=FFFFFFFF802298C0, Status=0x1, TASK_STATUS_READY=0x1
T20> DEBUG > [NewTask] Initialize task message queue
T20> DEBUG > [NewTask] MessageDestructor = FFFFFFFF8004D570
T30> DEBUG > [NewTask] KernelHeapAlloc = FFFFFFFF80011600
T30> DEBUG > [NewTask] KernelHeapFree = FFFFFFFF800116A0
T30> DEBUG > [NewList] Enter
T30> DEBUG > [NewList] ItemDestructor = 0xFFFFFFFF8004D570
T30> DEBUG > [NewList] MemAlloc = 0xFFFFFFFF80011600
T30> DEBUG > [NewList] MemFree = 0xFFFFFFFF800116A0
T30> DEBUG > [NewList] List pointer = 0xFFFFFFFF8021E330
T30> DEBUG > [NewList] Exit
T30> DEBUG > [NewTask] Exit
T30> DEBUG > [CreateTask] Task allocated at 0xFFFFFFFF802298C0
T30> DEBUG > [CreateTask] Process exos.bin TaskCount incremented to 2
T30> DEBUG > [CreateTask] Allocating stack...
T30> DEBUG > [CreateTask] Calling process heap base 0xFFFFFFFF80208000, size 0x100000
T40> DEBUG > [CreateTask] Kernel process heap base 0xFFFFFFFF80208000, size 0x100000
T40> DEBUG > [CreateTask] Process == KernelProcess ? YES
T40> DEBUG > [SetupTask] Enter
T40> DEBUG > [AllocRegion] Enter: Base=0xffffffff80000000 Target=0x0 Size=0x20000 Flags=0x23
T40> DEBUG > [AllocRegion] Calling FindFreeRegion with base = 0xffffffff80000000 and size = 0x20000
T110> DEBUG > [Scheduler] Enter : IF = 0x0
T140> DEBUG > [AllocRegion] FindFreeRegion found with base = 0xffffffff804eb000 and size = 0x20000
T140> DEBUG > [AllocRegion] Allocating pages
T140> DEBUG > [AllocRegion] Exit
T140> DEBUG > [AllocRegion] Enter: Base=0xffffffff80000000 Target=0x0 Size=0x20000 Flags=0x23
T140> DEBUG > [AllocRegion] Calling FindFreeRegion with base = 0xffffffff80000000 and size = 0x20000
T220> DEBUG > [Scheduler] Enter : IF = 0x0
T240> DEBUG > [AllocRegion] FindFreeRegion found with base = 0xffffffff8050b000 and size = 0x20000
T240> DEBUG > [AllocRegion] Allocating pages
T250> DEBUG > [AllocRegion] Exit
T250> DEBUG > [SetupTask] BaseVMA=FFFFFFFF80000000, Requested StackBase at BaseVMA
T250> DEBUG > [SetupTask] Actually got StackBase=FFFFFFFF804EB000
T250> DEBUG > [SetupTask] Stack (131072 bytes) allocated at FFFFFFFF804EB000
T250> DEBUG > [SetupTask] System stack (131072 bytes) allocated at FFFFFFFF8050B000
T260> DEBUG > [SetupTask] Setting kernel privilege (ring 0)
T260> DEBUG > [SetupTask] Exit
T260> DEBUG > [AddTaskToQueue] NewTask = FFFFFFFF802298C0
T260> DEBUG > [AddTaskToQueue] Adding FFFFFFFF802298C0
T260> DEBUG > [CreateTask] Exit
T260> DEBUG > [InitializeKernel] ========================================
T260> DEBUG > [InitializeKernel] Starting network manager task
T260> DEBUG > [CreateTask] Enter
T260> DEBUG > [CreateTask] Process : 0xFFFFFFFF800A0280
T260> DEBUG > [CreateTask] Info : 0xFFFFFFFF80327EC0
T260> DEBUG > [CreateTask] Func : 0xFFFFFFFF80044AE0
T260> DEBUG > [CreateTask] Parameter : 0x0
T260> DEBUG > [CreateTask] Flags : 0x0
T260> DEBUG > [NewTask] Enter
T270> DEBUG > [CreateKernelObject] Creating object of size 798 with ID 0x4b534154
T270> DEBUG > [CreateKernelObject] Object created at 0x8024c6e0, OwnerProcess: 0x800a0280
T270> DEBUG > [NewTask] Task pointer = FFFFFFFF8024C6E0
T270> DEBUG > [NewTask] Task initialized: Address=FFFFFFFF8024C6E0, Status=0x1, TASK_STATUS_READY=0x1
T270> DEBUG > [NewTask] Initialize task message queue
T270> DEBUG > [NewTask] MessageDestructor = FFFFFFFF8004D570
T270> DEBUG > [NewTask] KernelHeapAlloc = FFFFFFFF80011600
T270> DEBUG > [NewTask] KernelHeapFree = FFFFFFFF800116A0
T280> DEBUG > [NewList] Enter
T280> DEBUG > [NewList] ItemDestructor = 0xFFFFFFFF8004D570
T280> DEBUG > [NewList] MemAlloc = 0xFFFFFFFF80011600
T280> DEBUG > [NewList] MemFree = 0xFFFFFFFF800116A0
T280> DEBUG > [NewList] List pointer = 0xFFFFFFFF8024C0A0
T280> DEBUG > [NewList] Exit
T280> DEBUG > [NewTask] Exit
T280> DEBUG > [CreateTask] Task allocated at 0xFFFFFFFF8024C6E0
T280> DEBUG > [CreateTask] Process exos.bin TaskCount incremented to 3
T280> DEBUG > [CreateTask] Allocating stack...
T280> DEBUG > [CreateTask] Calling process heap base 0xFFFFFFFF80208000, size 0x100000
T280> DEBUG > [CreateTask] Kernel process heap base 0xFFFFFFFF80208000, size 0x100000
T280> DEBUG > [CreateTask] Process == KernelProcess ? YES
T280> DEBUG > [SetupTask] Enter
T280> DEBUG > [AllocRegion] Enter: Base=0xffffffff80000000 Target=0x0 Size=0x20000 Flags=0x23
T290> DEBUG > [AllocRegion] Calling FindFreeRegion with base = 0xffffffff80000000 and size = 0x20000
T330> DEBUG > [Scheduler] Enter : IF = 0x0
T330> DEBUG > [Scheduler] Switch between task index 0 (KernelMain @ exos.bin) and 1 (KernelMonitor @ exos.bin)
T330> DEBUG > [SwitchToNextTask] CurrentTask = FFFFFFFF80208090 (KernelMain), NextTask = FFFFFFFF802298C0 (KernelMonitor)
T330> DEBUG > [SwitchToNextTask_3] CurrentTask = FFFFFFFF80208090 (KernelMain), NextTask = FFFFFFFF802298C0 (KernelMonitor)
T330> DEBUG > [PrepareNextTaskSwitch] CurrentTask = FFFFFFFF80208090 (KernelMain), NextTask = FFFFFFFF802298C0 (KernelMonitor)
T330> DEBUG > [PrepareNextTaskSwitch] NextSysStackTop = FFFFFFFF8052B000
T330> DEBUG > [SetTaskStatus] Enter
T330> DEBUG > [SetTaskStatus] Task 0xffffffff802298c0 (KernelMonitor): 0x1 -> 0x2
T330> DEBUG > [SetTaskStatus] Exit
T330> DEBUG > [SwitchToNextTask_3] Calling JumpToReadyTask
T330> DEBUG > 0xffffffff8050aee8 : 0x80094000 0xffffffff 0x00000008 0x00000000 0x00000202 0x00000000 0x00000000 0x00000000
T330> DEBUG > 0xffffffff8050aef8 : 0x00000202 0x00000000 0x00000000 0x00000000 0x00000000 0x00000000 0x00000000 0x00000000
T330> DEBUG > 0xffffffff8050af08 : 0x00000000 0x00000000 0x00000000 0x00000000 0x00000000 0x00000000 0x00000000 0x00000000
T330> DEBUG > 0xffffffff8050af18 : 0x00000000 0x00000000 0x00000000 0x00000000 0x00000000 0x00000000 0x00000000 0x00000000
T330> DEBUG > 0xffffffff8050af28 : 0x00000000 0x00000000 0x00000000 0x00000000 0x00000000 0x00000000 0x00000000 0x00000000
T330> DEBUG > 0xffffffff8050af38 : 0x00000000 0x00000000 0x00000000 0x00000000 0x00000000 0x00000000 0x00000000 0x00000000
T330> DEBUG > 0xffffffff8050af48 : 0x00000000 0x00000000 0x00000000 0x00000000 0x00000000 0x00000000 0x00000000 0x00000000
T330> DEBUG > 0xffffffff8050af58 : 0x00000000 0x00000000 0x00000000 0x00000000 0x00000000 0x00000000 0x00000000 0x00000000
